<?xml version="1.0" encoding="UTF-8"?>
<!-- Generated by org.testng.reporters.JUnitReportReporter -->
<testsuite skipped="0" hostname="wang-pc" name="tests.ParameterizedPurchaseTest" tests="3" failures="0" timestamp="2025-04-18T16:42:19 CST" time="1.726" errors="0">
  <testcase name="testLogin" time="0.882" classname="tests.ParameterizedPurchaseTest"/>
  <system-out/>
  <testcase name="testAddProductsToCart" time="0.255" classname="tests.ParameterizedPurchaseTest"/>
  <system-out/>
  <testcase name="testCheckoutProcess" time="0.589" classname="tests.ParameterizedPurchaseTest"/>
  <system-out/>
</testsuite> <!-- tests.ParameterizedPurchaseTest -->
